# JRE version: OpenJDK Runtime Environment (24.0.1+9) (build 24.0.1+9-30)
# Java VM: OpenJDK 64-Bit Server VM (24.0.1+9-30, mixed mode, sharing, tiered, compressed oops, compressed class ptrs, g1 gc, windows-amd64)
GC Precious Log:
 CardTable entry size: 512
 Card Set container configuration: InlinePtr #cards 5 size 8 Array Of Cards #cards 10 size 36 Howl #buckets 4 coarsen threshold 1843 Howl Bitmap #cards 512 size 80 coarsen threshold 460 Card regions per heap region 1 cards per card region 2048
 CPUs: 4 total, 4 available
 Memory: 3877M
 Large Page Support: Disabled
 NUMA Support: Disabled
 Compressed Oops: Enabled (32-bit)
 Heap Region Size: 1M
 Heap Min Capacity: 8M
 Heap Initial Capacity: 62M
 Heap Max Capacity: 970M
 Pre-touch: Disabled
 Parallel Workers: 4
 Concurrent Workers: 1
 Concurrent Refinement Workers: 4
 Periodic GC: Disabled
Heap:
 garbage-first heap   total reserved 993280K, committed 65536K, used 39878K [0x00000000c3600000, 0x0000000100000000)
  region size 1024K, 7 young (7168K), 3 survivors (3072K)
 Metaspace       used 53192K, committed 53824K, reserved 1114112K
  class space    used 5887K, committed 6144K, reserved 1048576K
GC Heap History (20 events):
Event: 7.471 GC heap before
{Heap before GC invocations=3 (full 0):
 garbage-first heap   total reserved 993280K, committed 65536K, used 44501K [0x00000000c3600000, 0x0000000100000000)
  region size 1024K, 24 young (24576K), 2 survivors (2048K)
 Metaspace       used 19762K, committed 20032K, reserved 1114112K
  class space    used 1921K, committed 2048K, reserved 1048576K
}
Event: 7.477 GC heap after
{Heap after GC invocations=4 (full 0):
 garbage-first heap   total reserved 993280K, committed 65536K, used 25653K [0x00000000c3600000, 0x0000000100000000)
  region size 1024K, 3 young (3072K), 3 survivors (3072K)
 Metaspace       used 19762K, committed 20032K, reserved 1114112K
  class space    used 1921K, committed 2048K, reserved 1048576K
}
Event: 8.282 GC heap before
{Heap before GC invocations=4 (full 0):
 garbage-first heap   total reserved 993280K, committed 65536K, used 44085K [0x00000000c3600000, 0x0000000100000000)
  region size 1024K, 22 young (22528K), 3 survivors (3072K)
 Metaspace       used 21241K, committed 21504K, reserved 1114112K
  class space    used 2041K, committed 2112K, reserved 1048576K
}
Event: 8.291 GC heap after
{Heap after GC invocations=5 (full 0):
 garbage-first heap   total reserved 993280K, committed 65536K, used 26781K [0x00000000c3600000, 0x0000000100000000)
  region size 1024K, 2 young (2048K), 2 survivors (2048K)
 Metaspace       used 21241K, committed 21504K, reserved 1114112K
  class space    used 2041K, committed 2112K, reserved 1048576K
}
Event: 9.380 GC heap before
{Heap before GC invocations=6 (full 0):
 garbage-first heap   total reserved 993280K, committed 65536K, used 45213K [0x00000000c3600000, 0x0000000100000000)
  region size 1024K, 24 young (24576K), 2 survivors (2048K)
 Metaspace       used 25496K, committed 25792K, reserved 1114112K
  class space    used 2605K, committed 2752K, reserved 1048576K
}
Event: 9.388 GC heap after
{Heap after GC invocations=7 (full 0):
 garbage-first heap   total reserved 993280K, committed 65536K, used 24407K [0x00000000c3600000, 0x0000000100000000)
  region size 1024K, 2 young (2048K), 2 survivors (2048K)
 Metaspace       used 25496K, committed 25792K, reserved 1114112K
  class space    used 2605K, committed 2752K, reserved 1048576K
}
Event: 10.666 GC heap before
{Heap before GC invocations=7 (full 0):
 garbage-first heap   total reserved 993280K, committed 65536K, used 50007K [0x00000000c3600000, 0x0000000100000000)
  region size 1024K, 27 young (27648K), 2 survivors (2048K)
 Metaspace       used 29300K, committed 29632K, reserved 1114112K
  class space    used 3112K, committed 3264K, reserved 1048576K
}
Event: 10.677 GC heap after
{Heap after GC invocations=8 (full 0):
 garbage-first heap   total reserved 993280K, committed 65536K, used 26109K [0x00000000c3600000, 0x0000000100000000)
  region size 1024K, 4 young (4096K), 4 survivors (4096K)
 Metaspace       used 29300K, committed 29632K, reserved 1114112K
  class space    used 3112K, committed 3264K, reserved 1048576K
}
Event: 12.288 GC heap before
{Heap before GC invocations=8 (full 0):
 garbage-first heap   total reserved 993280K, committed 65536K, used 52733K [0x00000000c3600000, 0x0000000100000000)
  region size 1024K, 30 young (30720K), 4 survivors (4096K)
 Metaspace       used 35716K, committed 36096K, reserved 1114112K
  class space    used 3863K, committed 4032K, reserved 1048576K
}
Event: 12.295 GC heap after
{Heap after GC invocations=9 (full 0):
 garbage-first heap   total reserved 993280K, committed 65536K, used 28752K [0x00000000c3600000, 0x0000000100000000)
  region size 1024K, 3 young (3072K), 3 survivors (3072K)
 Metaspace       used 35716K, committed 36096K, reserved 1114112K
  class space    used 3863K, committed 4032K, reserved 1048576K
}
Event: 12.313 GC heap before
{Heap before GC invocations=9 (full 0):
 garbage-first heap   total reserved 993280K, committed 65536K, used 28752K [0x00000000c3600000, 0x0000000100000000)
  region size 1024K, 4 young (4096K), 3 survivors (3072K)
 Metaspace       used 35748K, committed 36160K, reserved 1114112K
  class space    used 3872K, committed 4032K, reserved 1048576K
}
Event: 12.317 GC heap after
{Heap after GC invocations=10 (full 0):
 garbage-first heap   total reserved 993280K, committed 65536K, used 28992K [0x00000000c3600000, 0x0000000100000000)
  region size 1024K, 1 young (1024K), 1 survivors (1024K)
 Metaspace       used 35748K, committed 36160K, reserved 1114112K
  class space    used 3872K, committed 4032K, reserved 1048576K
}
Event: 14.011 GC heap before
{Heap before GC invocations=11 (full 0):
 garbage-first heap   total reserved 993280K, committed 65536K, used 55616K [0x00000000c3600000, 0x0000000100000000)
  region size 1024K, 27 young (27648K), 1 survivors (1024K)
 Metaspace       used 41329K, committed 41728K, reserved 1114112K
  class space    used 4444K, committed 4608K, reserved 1048576K
}
Event: 14.015 GC heap after
{Heap after GC invocations=12 (full 0):
 garbage-first heap   total reserved 993280K, committed 65536K, used 31140K [0x00000000c3600000, 0x0000000100000000)
  region size 1024K, 3 young (3072K), 3 survivors (3072K)
 Metaspace       used 41329K, committed 41728K, reserved 1114112K
  class space    used 4444K, committed 4608K, reserved 1048576K
}
Event: 14.951 GC heap before
{Heap before GC invocations=12 (full 0):
 garbage-first heap   total reserved 993280K, committed 65536K, used 56740K [0x00000000c3600000, 0x0000000100000000)
  region size 1024K, 28 young (28672K), 3 survivors (3072K)
 Metaspace       used 45137K, committed 45632K, reserved 1114112K
  class space    used 4926K, committed 5184K, reserved 1048576K
}
Event: 14.975 GC heap after
{Heap after GC invocations=13 (full 0):
 garbage-first heap   total reserved 993280K, committed 65536K, used 33038K [0x00000000c3600000, 0x0000000100000000)
  region size 1024K, 3 young (3072K), 3 survivors (3072K)
 Metaspace       used 45137K, committed 45632K, reserved 1114112K
  class space    used 4926K, committed 5184K, reserved 1048576K
}
Event: 17.671 GC heap before
{Heap before GC invocations=13 (full 0):
 garbage-first heap   total reserved 993280K, committed 65536K, used 55566K [0x00000000c3600000, 0x0000000100000000)
  region size 1024K, 26 young (26624K), 3 survivors (3072K)
 Metaspace       used 48515K, committed 49024K, reserved 1114112K
  class space    used 5302K, committed 5504K, reserved 1048576K
}
Event: 17.686 GC heap after
{Heap after GC invocations=14 (full 0):
 garbage-first heap   total reserved 993280K, committed 65536K, used 35758K [0x00000000c3600000, 0x0000000100000000)
  region size 1024K, 3 young (3072K), 3 survivors (3072K)
 Metaspace       used 48515K, committed 49024K, reserved 1114112K
  class space    used 5302K, committed 5504K, reserved 1048576K
}
Event: 51.894 GC heap before
{Heap before GC invocations=15 (full 0):
 garbage-first heap   total reserved 993280K, committed 65536K, used 58286K [0x00000000c3600000, 0x0000000100000000)
  region size 1024K, 25 young (25600K), 3 survivors (3072K)
 Metaspace       used 52863K, committed 53504K, reserved 1114112K
  class space    used 5857K, committed 6144K, reserved 1048576K
}
Event: 51.984 GC heap after
{Heap after GC invocations=16 (full 0):
 garbage-first heap   total reserved 993280K, committed 65536K, used 37830K [0x00000000c3600000, 0x0000000100000000)
  region size 1024K, 3 young (3072K), 3 survivors (3072K)
 Metaspace       used 52863K, committed 53504K, reserved 1114112K
  class space    used 5857K, committed 6144K, reserved 1048576K
}

