# JRE version: OpenJDK Runtime Environment (24.0.1+9) (build 24.0.1+9-30)
# Java VM: OpenJDK 64-Bit Server VM (24.0.1+9-30, mixed mode, sharing, tiered, compressed oops, compressed class ptrs, g1 gc, windows-amd64)
GC Precious Log:
 CardTable entry size: 512
 Card Set container configuration: InlinePtr #cards 5 size 8 Array Of Cards #cards 10 size 36 Howl #buckets 4 coarsen threshold 1843 Howl Bitmap #cards 512 size 80 coarsen threshold 460 Card regions per heap region 1 cards per card region 2048
 CPUs: 4 total, 4 available
 Memory: 3877M
 Large Page Support: Disabled
 NUMA Support: Disabled
 Compressed Oops: Enabled (32-bit)
 Heap Region Size: 1M
 Heap Min Capacity: 8M
 Heap Initial Capacity: 62M
 Heap Max Capacity: 970M
 Pre-touch: Disabled
 Parallel Workers: 4
 Concurrent Workers: 1
 Concurrent Refinement Workers: 4
 Periodic GC: Disabled
Heap:
 garbage-first heap   total reserved 993280K, committed 78848K, used 59392K [0x00000000c3600000, 0x0000000100000000)
  region size 1024K, 25 young (25600K), 5 survivors (5120K)
 Metaspace       used 74773K, committed 75328K, reserved 1179648K
  class space    used 8172K, committed 8384K, reserved 1048576K
GC Heap History (20 events):
Event: 7.497 GC heap before
{Heap before GC invocations=6 (full 0):
 garbage-first heap   total reserved 993280K, committed 65536K, used 43730K [0x00000000c3600000, 0x0000000100000000)
  region size 1024K, 24 young (24576K), 3 survivors (3072K)
 Metaspace       used 24629K, committed 24896K, reserved 1114112K
  class space    used 2443K, committed 2560K, reserved 1048576K
}
Event: 7.503 GC heap after
{Heap after GC invocations=7 (full 0):
 garbage-first heap   total reserved 993280K, committed 65536K, used 25422K [0x00000000c3600000, 0x0000000100000000)
  region size 1024K, 3 young (3072K), 3 survivors (3072K)
 Metaspace       used 24629K, committed 24896K, reserved 1114112K
  class space    used 2443K, committed 2560K, reserved 1048576K
}
Event: 8.449 GC heap before
{Heap before GC invocations=7 (full 0):
 garbage-first heap   total reserved 993280K, committed 65536K, used 49998K [0x00000000c3600000, 0x0000000100000000)
  region size 1024K, 27 young (27648K), 3 survivors (3072K)
 Metaspace       used 28965K, committed 29312K, reserved 1114112K
  class space    used 3035K, committed 3200K, reserved 1048576K
}
Event: 8.461 GC heap after
{Heap after GC invocations=8 (full 0):
 garbage-first heap   total reserved 993280K, committed 65536K, used 26773K [0x00000000c3600000, 0x0000000100000000)
  region size 1024K, 2 young (2048K), 2 survivors (2048K)
 Metaspace       used 28965K, committed 29312K, reserved 1114112K
  class space    used 3035K, committed 3200K, reserved 1048576K
}
Event: 9.947 GC heap before
{Heap before GC invocations=8 (full 0):
 garbage-first heap   total reserved 993280K, committed 65536K, used 52373K [0x00000000c3600000, 0x0000000100000000)
  region size 1024K, 27 young (27648K), 2 survivors (2048K)
 Metaspace       used 32239K, committed 32640K, reserved 1114112K
  class space    used 3485K, committed 3648K, reserved 1048576K
}
Event: 9.958 GC heap after
{Heap after GC invocations=9 (full 0):
 garbage-first heap   total reserved 993280K, committed 65536K, used 28968K [0x00000000c3600000, 0x0000000100000000)
  region size 1024K, 4 young (4096K), 4 survivors (4096K)
 Metaspace       used 32239K, committed 32640K, reserved 1114112K
  class space    used 3485K, committed 3648K, reserved 1048576K
}
Event: 10.921 GC heap before
{Heap before GC invocations=9 (full 0):
 garbage-first heap   total reserved 993280K, committed 65536K, used 46376K [0x00000000c3600000, 0x0000000100000000)
  region size 1024K, 22 young (22528K), 4 survivors (4096K)
 Metaspace       used 35681K, committed 36096K, reserved 1114112K
  class space    used 3855K, committed 4032K, reserved 1048576K
}
Event: 10.930 GC heap after
{Heap after GC invocations=10 (full 0):
 garbage-first heap   total reserved 993280K, committed 65536K, used 31000K [0x00000000c3600000, 0x0000000100000000)
  region size 1024K, 2 young (2048K), 2 survivors (2048K)
 Metaspace       used 35681K, committed 36096K, reserved 1114112K
  class space    used 3855K, committed 4032K, reserved 1048576K
}
Event: 13.151 GC heap before
{Heap before GC invocations=11 (full 0):
 garbage-first heap   total reserved 993280K, committed 65536K, used 53528K [0x00000000c3600000, 0x0000000100000000)
  region size 1024K, 25 young (25600K), 2 survivors (2048K)
 Metaspace       used 41737K, committed 42176K, reserved 1114112K
  class space    used 4512K, committed 4736K, reserved 1048576K
}
Event: 13.155 GC heap after
{Heap after GC invocations=12 (full 0):
 garbage-first heap   total reserved 993280K, committed 65536K, used 32024K [0x00000000c3600000, 0x0000000100000000)
  region size 1024K, 3 young (3072K), 3 survivors (3072K)
 Metaspace       used 41737K, committed 42176K, reserved 1114112K
  class space    used 4512K, committed 4736K, reserved 1048576K
}
Event: 14.582 GC heap before
{Heap before GC invocations=12 (full 0):
 garbage-first heap   total reserved 993280K, committed 65536K, used 56600K [0x00000000c3600000, 0x0000000100000000)
  region size 1024K, 27 young (27648K), 3 survivors (3072K)
 Metaspace       used 51420K, committed 51840K, reserved 1114112K
  class space    used 5499K, committed 5696K, reserved 1048576K
}
Event: 14.595 GC heap after
{Heap after GC invocations=13 (full 0):
 garbage-first heap   total reserved 993280K, committed 65536K, used 33639K [0x00000000c3600000, 0x0000000100000000)
  region size 1024K, 4 young (4096K), 4 survivors (4096K)
 Metaspace       used 51420K, committed 51840K, reserved 1114112K
  class space    used 5499K, committed 5696K, reserved 1048576K
}
Event: 15.475 GC heap before
{Heap before GC invocations=13 (full 0):
 garbage-first heap   total reserved 993280K, committed 65536K, used 56167K [0x00000000c3600000, 0x0000000100000000)
  region size 1024K, 27 young (27648K), 4 survivors (4096K)
 Metaspace       used 58703K, committed 59136K, reserved 1114112K
  class space    used 6218K, committed 6400K, reserved 1048576K
}
Event: 15.481 GC heap after
{Heap after GC invocations=14 (full 0):
 garbage-first heap   total reserved 993280K, committed 65536K, used 35559K [0x00000000c3600000, 0x0000000100000000)
  region size 1024K, 2 young (2048K), 2 survivors (2048K)
 Metaspace       used 58703K, committed 59136K, reserved 1114112K
  class space    used 6218K, committed 6400K, reserved 1048576K
}
Event: 16.152 GC heap before
{Heap before GC invocations=15 (full 0):
 garbage-first heap   total reserved 993280K, committed 65536K, used 56039K [0x00000000c3600000, 0x0000000100000000)
  region size 1024K, 23 young (23552K), 2 survivors (2048K)
 Metaspace       used 63913K, committed 64320K, reserved 1114112K
  class space    used 6882K, committed 7040K, reserved 1048576K
}
Event: 16.159 GC heap after
{Heap after GC invocations=16 (full 0):
 garbage-first heap   total reserved 993280K, committed 65536K, used 36604K [0x00000000c3600000, 0x0000000100000000)
  region size 1024K, 3 young (3072K), 3 survivors (3072K)
 Metaspace       used 63913K, committed 64320K, reserved 1114112K
  class space    used 6882K, committed 7040K, reserved 1048576K
}
Event: 16.780 GC heap before
{Heap before GC invocations=16 (full 0):
 garbage-first heap   total reserved 993280K, committed 65536K, used 56060K [0x00000000c3600000, 0x0000000100000000)
  region size 1024K, 23 young (23552K), 3 survivors (3072K)
 Metaspace       used 67418K, committed 67968K, reserved 1114112K
  class space    used 7290K, committed 7552K, reserved 1048576K
}
Event: 16.786 GC heap after
{Heap after GC invocations=17 (full 0):
 garbage-first heap   total reserved 993280K, committed 78848K, used 37456K [0x00000000c3600000, 0x0000000100000000)
  region size 1024K, 3 young (3072K), 3 survivors (3072K)
 Metaspace       used 67418K, committed 67968K, reserved 1114112K
  class space    used 7290K, committed 7552K, reserved 1048576K
}
Event: 18.010 GC heap before
{Heap before GC invocations=17 (full 0):
 garbage-first heap   total reserved 993280K, committed 78848K, used 69200K [0x00000000c3600000, 0x0000000100000000)
  region size 1024K, 34 young (34816K), 3 survivors (3072K)
 Metaspace       used 71954K, committed 72576K, reserved 1114112K
  class space    used 7823K, committed 8064K, reserved 1048576K
}
Event: 18.020 GC heap after
{Heap after GC invocations=18 (full 0):
 garbage-first heap   total reserved 993280K, committed 78848K, used 40960K [0x00000000c3600000, 0x0000000100000000)
  region size 1024K, 5 young (5120K), 5 survivors (5120K)
 Metaspace       used 71954K, committed 72576K, reserved 1114112K
  class space    used 7823K, committed 8064K, reserved 1048576K
}

